<?xml version="1.0" encoding="UTF-8"?>
<testng-results ignored="0" total="20" passed="20" failed="0" skipped="0">
  <reporter-output>
  </reporter-output>
  <suite started-at="2024-03-10T18:51:09 GMT" name="flight-reservation" finished-at="2024-03-10T18:52:55 GMT" duration-ms="106602">
    <groups>
    </groups>
    <test started-at="2024-03-10T18:51:09 GMT" name="passengers-count-2" finished-at="2024-03-10T18:52:53 GMT" duration-ms="103902">
      <class name="com.shaarv70.tests.flightreservation.FlightReservationTest">
        <test-method is-config="true" signature="setDriver(org.testng.ITestContext)[pri:0, instance:com.shaarv70.tests.flightreservation.FlightReservationTest@6e15fe2]" started-at="2024-03-10T18:51:09 GMT" name="setDriver" finished-at="2024-03-10T18:51:42 GMT" duration-ms="33065" status="PASS">
          <params>
            <param index="0">
              <value>
                <![CDATA[org.testng.TestRunner@54504ecd]]>
              </value>
            </param>
          </params>
          <reporter-output>
          </reporter-output>
        </test-method> <!-- setDriver -->
        <test-method is-config="true" signature="setParameters(java.lang.String)[pri:0, instance:com.shaarv70.tests.flightreservation.FlightReservationTest@6e15fe2]" started-at="2024-03-10T18:51:42 GMT" name="setParameters" finished-at="2024-03-10T18:51:42 GMT" depends-on-methods="com.shaarv70.tests.AbstractTest.setDriver" duration-ms="160" status="PASS">
          <params>
            <param index="0">
              <value>
                <![CDATA[test-data/flight-reservation/passenger-2.json]]>
              </value>
            </param>
          </params>
          <reporter-output>
          </reporter-output>
        </test-method> <!-- setParameters -->
        <test-method signature="userRegistrationTest()[pri:0, instance:com.shaarv70.tests.flightreservation.FlightReservationTest@6e15fe2]" started-at="2024-03-10T18:51:42 GMT" name="userRegistrationTest" finished-at="2024-03-10T18:52:29 GMT" duration-ms="47257" status="PASS">
          <reporter-output>
          </reporter-output>
        </test-method> <!-- userRegistrationTest -->
        <test-method signature="registrationConfirmationTest()[pri:0, instance:com.shaarv70.tests.flightreservation.FlightReservationTest@6e15fe2]" started-at="2024-03-10T18:52:29 GMT" name="registrationConfirmationTest" finished-at="2024-03-10T18:52:37 GMT" depends-on-methods="com.shaarv70.tests.flightreservation.FlightReservationTest.userRegistrationTest" duration-ms="7772" status="PASS">
          <reporter-output>
          </reporter-output>
        </test-method> <!-- registrationConfirmationTest -->
        <test-method signature="flightsSearchTest()[pri:0, instance:com.shaarv70.tests.flightreservation.FlightReservationTest@6e15fe2]" started-at="2024-03-10T18:52:37 GMT" name="flightsSearchTest" finished-at="2024-03-10T18:52:46 GMT" depends-on-methods="com.shaarv70.tests.flightreservation.FlightReservationTest.registrationConfirmationTest" duration-ms="9052" status="PASS">
          <reporter-output>
          </reporter-output>
        </test-method> <!-- flightsSearchTest -->
        <test-method signature="flightsSelectionTest()[pri:0, instance:com.shaarv70.tests.flightreservation.FlightReservationTest@6e15fe2]" started-at="2024-03-10T18:52:46 GMT" name="flightsSelectionTest" finished-at="2024-03-10T18:52:50 GMT" depends-on-methods="com.shaarv70.tests.flightreservation.FlightReservationTest.flightsSearchTest" duration-ms="4210" status="PASS">
          <reporter-output>
          </reporter-output>
        </test-method> <!-- flightsSelectionTest -->
        <test-method signature="flightReservationConfirmationTest()[pri:0, instance:com.shaarv70.tests.flightreservation.FlightReservationTest@6e15fe2]" started-at="2024-03-10T18:52:50 GMT" name="flightReservationConfirmationTest" finished-at="2024-03-10T18:52:52 GMT" depends-on-methods="com.shaarv70.tests.flightreservation.FlightReservationTest.flightsSelectionTest" duration-ms="1932" status="PASS">
          <reporter-output>
          </reporter-output>
        </test-method> <!-- flightReservationConfirmationTest -->
        <test-method is-config="true" signature="quitDriver()[pri:0, instance:com.shaarv70.tests.flightreservation.FlightReservationTest@6e15fe2]" started-at="2024-03-10T18:52:52 GMT" name="quitDriver" finished-at="2024-03-10T18:52:53 GMT" duration-ms="360" status="PASS">
          <reporter-output>
          </reporter-output>
        </test-method> <!-- quitDriver -->
      </class> <!-- com.shaarv70.tests.flightreservation.FlightReservationTest -->
    </test> <!-- passengers-count-2 -->
    <test started-at="2024-03-10T18:51:09 GMT" name="passengers-count-3" finished-at="2024-03-10T18:52:55 GMT" duration-ms="105880">
      <class name="com.shaarv70.tests.flightreservation.FlightReservationTest">
        <test-method is-config="true" signature="setDriver(org.testng.ITestContext)[pri:0, instance:com.shaarv70.tests.flightreservation.FlightReservationTest@1722011b]" started-at="2024-03-10T18:51:09 GMT" name="setDriver" finished-at="2024-03-10T18:51:34 GMT" duration-ms="24976" status="PASS">
          <params>
            <param index="0">
              <value>
                <![CDATA[org.testng.TestRunner@19c65cdc]]>
              </value>
            </param>
          </params>
          <reporter-output>
          </reporter-output>
        </test-method> <!-- setDriver -->
        <test-method is-config="true" signature="setParameters(java.lang.String)[pri:0, instance:com.shaarv70.tests.flightreservation.FlightReservationTest@1722011b]" started-at="2024-03-10T18:51:34 GMT" name="setParameters" finished-at="2024-03-10T18:51:36 GMT" depends-on-methods="com.shaarv70.tests.AbstractTest.setDriver" duration-ms="2608" status="PASS">
          <params>
            <param index="0">
              <value>
                <![CDATA[test-data/flight-reservation/passenger-3.json]]>
              </value>
            </param>
          </params>
          <reporter-output>
          </reporter-output>
        </test-method> <!-- setParameters -->
        <test-method signature="userRegistrationTest()[pri:0, instance:com.shaarv70.tests.flightreservation.FlightReservationTest@1722011b]" started-at="2024-03-10T18:51:36 GMT" name="userRegistrationTest" finished-at="2024-03-10T18:52:23 GMT" duration-ms="47120" status="PASS">
          <reporter-output>
          </reporter-output>
        </test-method> <!-- userRegistrationTest -->
        <test-method signature="registrationConfirmationTest()[pri:0, instance:com.shaarv70.tests.flightreservation.FlightReservationTest@1722011b]" started-at="2024-03-10T18:52:24 GMT" name="registrationConfirmationTest" finished-at="2024-03-10T18:52:38 GMT" depends-on-methods="com.shaarv70.tests.flightreservation.FlightReservationTest.userRegistrationTest" duration-ms="14557" status="PASS">
          <reporter-output>
          </reporter-output>
        </test-method> <!-- registrationConfirmationTest -->
        <test-method signature="flightsSearchTest()[pri:0, instance:com.shaarv70.tests.flightreservation.FlightReservationTest@1722011b]" started-at="2024-03-10T18:52:38 GMT" name="flightsSearchTest" finished-at="2024-03-10T18:52:49 GMT" depends-on-methods="com.shaarv70.tests.flightreservation.FlightReservationTest.registrationConfirmationTest" duration-ms="10992" status="PASS">
          <reporter-output>
          </reporter-output>
        </test-method> <!-- flightsSearchTest -->
        <test-method signature="flightsSelectionTest()[pri:0, instance:com.shaarv70.tests.flightreservation.FlightReservationTest@1722011b]" started-at="2024-03-10T18:52:49 GMT" name="flightsSelectionTest" finished-at="2024-03-10T18:52:51 GMT" depends-on-methods="com.shaarv70.tests.flightreservation.FlightReservationTest.flightsSearchTest" duration-ms="2131" status="PASS">
          <reporter-output>
          </reporter-output>
        </test-method> <!-- flightsSelectionTest -->
        <test-method signature="flightReservationConfirmationTest()[pri:0, instance:com.shaarv70.tests.flightreservation.FlightReservationTest@1722011b]" started-at="2024-03-10T18:52:51 GMT" name="flightReservationConfirmationTest" finished-at="2024-03-10T18:52:54 GMT" depends-on-methods="com.shaarv70.tests.flightreservation.FlightReservationTest.flightsSelectionTest" duration-ms="2380" status="PASS">
          <reporter-output>
          </reporter-output>
        </test-method> <!-- flightReservationConfirmationTest -->
        <test-method is-config="true" signature="quitDriver()[pri:0, instance:com.shaarv70.tests.flightreservation.FlightReservationTest@1722011b]" started-at="2024-03-10T18:52:54 GMT" name="quitDriver" finished-at="2024-03-10T18:52:55 GMT" duration-ms="1009" status="PASS">
          <reporter-output>
          </reporter-output>
        </test-method> <!-- quitDriver -->
      </class> <!-- com.shaarv70.tests.flightreservation.FlightReservationTest -->
    </test> <!-- passengers-count-3 -->
    <test started-at="2024-03-10T18:51:09 GMT" name="passengers-count-4" finished-at="2024-03-10T18:52:55 GMT" duration-ms="106562">
      <class name="com.shaarv70.tests.flightreservation.FlightReservationTest">
        <test-method is-config="true" signature="setupConfig()[pri:0, instance:com.shaarv70.tests.flightreservation.FlightReservationTest@3e2059ae]" started-at="2024-03-10T18:51:09 GMT" name="setupConfig" finished-at="2024-03-10T18:51:09 GMT" duration-ms="96" status="PASS">
          <reporter-output>
          </reporter-output>
        </test-method> <!-- setupConfig -->
        <test-method is-config="true" signature="setDriver(org.testng.ITestContext)[pri:0, instance:com.shaarv70.tests.flightreservation.FlightReservationTest@3e2059ae]" started-at="2024-03-10T18:51:09 GMT" name="setDriver" finished-at="2024-03-10T18:51:38 GMT" duration-ms="29125" status="PASS">
          <params>
            <param index="0">
              <value>
                <![CDATA[org.testng.TestRunner@38b27cdc]]>
              </value>
            </param>
          </params>
          <reporter-output>
          </reporter-output>
        </test-method> <!-- setDriver -->
        <test-method is-config="true" signature="setParameters(java.lang.String)[pri:0, instance:com.shaarv70.tests.flightreservation.FlightReservationTest@3e2059ae]" started-at="2024-03-10T18:51:38 GMT" name="setParameters" finished-at="2024-03-10T18:51:38 GMT" depends-on-methods="com.shaarv70.tests.AbstractTest.setDriver" duration-ms="3" status="PASS">
          <params>
            <param index="0">
              <value>
                <![CDATA[test-data/flight-reservation/passenger-4.json]]>
              </value>
            </param>
          </params>
          <reporter-output>
          </reporter-output>
        </test-method> <!-- setParameters -->
        <test-method signature="userRegistrationTest()[pri:0, instance:com.shaarv70.tests.flightreservation.FlightReservationTest@3e2059ae]" started-at="2024-03-10T18:51:38 GMT" name="userRegistrationTest" finished-at="2024-03-10T18:52:25 GMT" duration-ms="47601" status="PASS">
          <reporter-output>
          </reporter-output>
        </test-method> <!-- userRegistrationTest -->
        <test-method signature="registrationConfirmationTest()[pri:0, instance:com.shaarv70.tests.flightreservation.FlightReservationTest@3e2059ae]" started-at="2024-03-10T18:52:25 GMT" name="registrationConfirmationTest" finished-at="2024-03-10T18:52:37 GMT" depends-on-methods="com.shaarv70.tests.flightreservation.FlightReservationTest.userRegistrationTest" duration-ms="11542" status="PASS">
          <reporter-output>
          </reporter-output>
        </test-method> <!-- registrationConfirmationTest -->
        <test-method signature="flightsSearchTest()[pri:0, instance:com.shaarv70.tests.flightreservation.FlightReservationTest@3e2059ae]" started-at="2024-03-10T18:52:37 GMT" name="flightsSearchTest" finished-at="2024-03-10T18:52:46 GMT" depends-on-methods="com.shaarv70.tests.flightreservation.FlightReservationTest.registrationConfirmationTest" duration-ms="8713" status="PASS">
          <reporter-output>
          </reporter-output>
        </test-method> <!-- flightsSearchTest -->
        <test-method signature="flightsSelectionTest()[pri:0, instance:com.shaarv70.tests.flightreservation.FlightReservationTest@3e2059ae]" started-at="2024-03-10T18:52:46 GMT" name="flightsSelectionTest" finished-at="2024-03-10T18:52:51 GMT" depends-on-methods="com.shaarv70.tests.flightreservation.FlightReservationTest.flightsSearchTest" duration-ms="5610" status="PASS">
          <reporter-output>
          </reporter-output>
        </test-method> <!-- flightsSelectionTest -->
        <test-method signature="flightReservationConfirmationTest()[pri:0, instance:com.shaarv70.tests.flightreservation.FlightReservationTest@3e2059ae]" started-at="2024-03-10T18:52:51 GMT" name="flightReservationConfirmationTest" finished-at="2024-03-10T18:52:54 GMT" depends-on-methods="com.shaarv70.tests.flightreservation.FlightReservationTest.flightsSelectionTest" duration-ms="2680" status="PASS">
          <reporter-output>
          </reporter-output>
        </test-method> <!-- flightReservationConfirmationTest -->
        <test-method is-config="true" signature="quitDriver()[pri:0, instance:com.shaarv70.tests.flightreservation.FlightReservationTest@3e2059ae]" started-at="2024-03-10T18:52:54 GMT" name="quitDriver" finished-at="2024-03-10T18:52:55 GMT" duration-ms="1259" status="PASS">
          <reporter-output>
          </reporter-output>
        </test-method> <!-- quitDriver -->
      </class> <!-- com.shaarv70.tests.flightreservation.FlightReservationTest -->
    </test> <!-- passengers-count-4 -->
    <test started-at="2024-03-10T18:51:09 GMT" name="passengers-count-1" finished-at="2024-03-10T18:52:55 GMT" duration-ms="106574">
      <class name="com.shaarv70.tests.flightreservation.FlightReservationTest">
        <test-method is-config="true" signature="setDriver(org.testng.ITestContext)[pri:0, instance:com.shaarv70.tests.flightreservation.FlightReservationTest@1c39680d]" started-at="2024-03-10T18:51:09 GMT" name="setDriver" finished-at="2024-03-10T18:51:41 GMT" duration-ms="32714" status="PASS">
          <params>
            <param index="0">
              <value>
                <![CDATA[org.testng.TestRunner@74bf1791]]>
              </value>
            </param>
          </params>
          <reporter-output>
          </reporter-output>
        </test-method> <!-- setDriver -->
        <test-method is-config="true" signature="setParameters(java.lang.String)[pri:0, instance:com.shaarv70.tests.flightreservation.FlightReservationTest@1c39680d]" started-at="2024-03-10T18:51:41 GMT" name="setParameters" finished-at="2024-03-10T18:51:42 GMT" depends-on-methods="com.shaarv70.tests.AbstractTest.setDriver" duration-ms="109" status="PASS">
          <params>
            <param index="0">
              <value>
                <![CDATA[test-data/flight-reservation/passenger-1.json]]>
              </value>
            </param>
          </params>
          <reporter-output>
          </reporter-output>
        </test-method> <!-- setParameters -->
        <test-method signature="userRegistrationTest()[pri:0, instance:com.shaarv70.tests.flightreservation.FlightReservationTest@1c39680d]" started-at="2024-03-10T18:51:42 GMT" name="userRegistrationTest" finished-at="2024-03-10T18:52:29 GMT" duration-ms="47557" status="PASS">
          <reporter-output>
          </reporter-output>
        </test-method> <!-- userRegistrationTest -->
        <test-method signature="registrationConfirmationTest()[pri:0, instance:com.shaarv70.tests.flightreservation.FlightReservationTest@1c39680d]" started-at="2024-03-10T18:52:29 GMT" name="registrationConfirmationTest" finished-at="2024-03-10T18:52:41 GMT" depends-on-methods="com.shaarv70.tests.flightreservation.FlightReservationTest.userRegistrationTest" duration-ms="11497" status="PASS">
          <reporter-output>
          </reporter-output>
        </test-method> <!-- registrationConfirmationTest -->
        <test-method signature="flightsSearchTest()[pri:0, instance:com.shaarv70.tests.flightreservation.FlightReservationTest@1c39680d]" started-at="2024-03-10T18:52:41 GMT" name="flightsSearchTest" finished-at="2024-03-10T18:52:47 GMT" depends-on-methods="com.shaarv70.tests.flightreservation.FlightReservationTest.registrationConfirmationTest" duration-ms="6375" status="PASS">
          <reporter-output>
          </reporter-output>
        </test-method> <!-- flightsSearchTest -->
        <test-method signature="flightsSelectionTest()[pri:0, instance:com.shaarv70.tests.flightreservation.FlightReservationTest@1c39680d]" started-at="2024-03-10T18:52:47 GMT" name="flightsSelectionTest" finished-at="2024-03-10T18:52:52 GMT" depends-on-methods="com.shaarv70.tests.flightreservation.FlightReservationTest.flightsSearchTest" duration-ms="4628" status="PASS">
          <reporter-output>
          </reporter-output>
        </test-method> <!-- flightsSelectionTest -->
        <test-method signature="flightReservationConfirmationTest()[pri:0, instance:com.shaarv70.tests.flightreservation.FlightReservationTest@1c39680d]" started-at="2024-03-10T18:52:52 GMT" name="flightReservationConfirmationTest" finished-at="2024-03-10T18:52:53 GMT" depends-on-methods="com.shaarv70.tests.flightreservation.FlightReservationTest.flightsSelectionTest" duration-ms="1676" status="PASS">
          <reporter-output>
          </reporter-output>
        </test-method> <!-- flightReservationConfirmationTest -->
        <test-method is-config="true" signature="quitDriver()[pri:0, instance:com.shaarv70.tests.flightreservation.FlightReservationTest@1c39680d]" started-at="2024-03-10T18:52:53 GMT" name="quitDriver" finished-at="2024-03-10T18:52:55 GMT" duration-ms="1956" status="PASS">
          <reporter-output>
          </reporter-output>
        </test-method> <!-- quitDriver -->
      </class> <!-- com.shaarv70.tests.flightreservation.FlightReservationTest -->
    </test> <!-- passengers-count-1 -->
  </suite> <!-- flight-reservation -->
</testng-results>
